Determining if the include file alloca.h exists failed with the following output:
Change Dir: E:/fftwBuild/fftw-3.3.8/fftw-3.3.8/out/build/x64-Debug/CMakeFiles/CMakeTmp

Run Build Command(s):C:/Program Files (x86)/Microsoft Visual Studio/2019/Community/Common7/IDE/CommonExtensions/Microsoft/CMake/Ninja/ninja.exe cmTC_cbc8e 
[1/2] Building C object CMakeFiles\cmTC_cbc8e.dir\CheckIncludeFile.c.obj
FAILED: CMakeFiles/cmTC_cbc8e.dir/CheckIncludeFile.c.obj 
C:\PROGRA~2\MICROS~1\2019\COMMUN~1\VC\Tools\MSVC\1422~1.279\bin\HostX64\x64\cl.exe  /nologo   /DWIN32 /D_WINDOWS /W3  /MDd /ZI /Ob0 /Od /RTC1 /JMC /showIncludes /FoCMakeFiles\cmTC_cbc8e.dir\CheckIncludeFile.c.obj /FdCMakeFiles\cmTC_cbc8e.dir\ /FS -c CheckIncludeFile.c
E:\fftwBuild\fftw-3.3.8\fftw-3.3.8\out\build\x64-Debug\CMakeFiles\CMakeTmp\CheckIncludeFile.c(1): fatal error C1083: Cannot open include file: 'alloca.h': No such file or directory
ninja: build stopped: subcommand failed.


Determining if the include file altivec.h exists failed with the following output:
Change Dir: E:/fftwBuild/fftw-3.3.8/fftw-3.3.8/out/build/x64-Debug/CMakeFiles/CMakeTmp

Run Build Command(s):C:/Program Files (x86)/Microsoft Visual Studio/2019/Community/Common7/IDE/CommonExtensions/Microsoft/CMake/Ninja/ninja.exe cmTC_9e96a 
[1/2] Building C object CMakeFiles\cmTC_9e96a.dir\CheckIncludeFile.c.obj
FAILED: CMakeFiles/cmTC_9e96a.dir/CheckIncludeFile.c.obj 
C:\PROGRA~2\MICROS~1\2019\COMMUN~1\VC\Tools\MSVC\1422~1.279\bin\HostX64\x64\cl.exe  /nologo   /DWIN32 /D_WINDOWS /W3  /MDd /ZI /Ob0 /Od /RTC1 /JMC /showIncludes /FoCMakeFiles\cmTC_9e96a.dir\CheckIncludeFile.c.obj /FdCMakeFiles\cmTC_9e96a.dir\ /FS -c CheckIncludeFile.c
E:\fftwBuild\fftw-3.3.8\fftw-3.3.8\out\build\x64-Debug\CMakeFiles\CMakeTmp\CheckIncludeFile.c(1): fatal error C1083: Cannot open include file: 'altivec.h': No such file or directory
ninja: build stopped: subcommand failed.


Determining if the include file c_asm.h exists failed with the following output:
Change Dir: E:/fftwBuild/fftw-3.3.8/fftw-3.3.8/out/build/x64-Debug/CMakeFiles/CMakeTmp

Run Build Command(s):C:/Program Files (x86)/Microsoft Visual Studio/2019/Community/Common7/IDE/CommonExtensions/Microsoft/CMake/Ninja/ninja.exe cmTC_c7a12 
[1/2] Building C object CMakeFiles\cmTC_c7a12.dir\CheckIncludeFile.c.obj
FAILED: CMakeFiles/cmTC_c7a12.dir/CheckIncludeFile.c.obj 
C:\PROGRA~2\MICROS~1\2019\COMMUN~1\VC\Tools\MSVC\1422~1.279\bin\HostX64\x64\cl.exe  /nologo   /DWIN32 /D_WINDOWS /W3  /MDd /ZI /Ob0 /Od /RTC1 /JMC /showIncludes /FoCMakeFiles\cmTC_c7a12.dir\CheckIncludeFile.c.obj /FdCMakeFiles\cmTC_c7a12.dir\ /FS -c CheckIncludeFile.c
E:\fftwBuild\fftw-3.3.8\fftw-3.3.8\out\build\x64-Debug\CMakeFiles\CMakeTmp\CheckIncludeFile.c(1): fatal error C1083: Cannot open include file: 'c_asm.h': No such file or directory
ninja: build stopped: subcommand failed.


Determining if the include file dlfcn.h exists failed with the following output:
Change Dir: E:/fftwBuild/fftw-3.3.8/fftw-3.3.8/out/build/x64-Debug/CMakeFiles/CMakeTmp

Run Build Command(s):C:/Program Files (x86)/Microsoft Visual Studio/2019/Community/Common7/IDE/CommonExtensions/Microsoft/CMake/Ninja/ninja.exe cmTC_07308 
[1/2] Building C object CMakeFiles\cmTC_07308.dir\CheckIncludeFile.c.obj
FAILED: CMakeFiles/cmTC_07308.dir/CheckIncludeFile.c.obj 
C:\PROGRA~2\MICROS~1\2019\COMMUN~1\VC\Tools\MSVC\1422~1.279\bin\HostX64\x64\cl.exe  /nologo   /DWIN32 /D_WINDOWS /W3  /MDd /ZI /Ob0 /Od /RTC1 /JMC /showIncludes /FoCMakeFiles\cmTC_07308.dir\CheckIncludeFile.c.obj /FdCMakeFiles\cmTC_07308.dir\ /FS -c CheckIncludeFile.c
E:\fftwBuild\fftw-3.3.8\fftw-3.3.8\out\build\x64-Debug\CMakeFiles\CMakeTmp\CheckIncludeFile.c(1): fatal error C1083: Cannot open include file: 'dlfcn.h': No such file or directory
ninja: build stopped: subcommand failed.


Determining if the include file intrinsics.h exists failed with the following output:
Change Dir: E:/fftwBuild/fftw-3.3.8/fftw-3.3.8/out/build/x64-Debug/CMakeFiles/CMakeTmp

Run Build Command(s):C:/Program Files (x86)/Microsoft Visual Studio/2019/Community/Common7/IDE/CommonExtensions/Microsoft/CMake/Ninja/ninja.exe cmTC_86b51 
[1/2] Building C object CMakeFiles\cmTC_86b51.dir\CheckIncludeFile.c.obj
FAILED: CMakeFiles/cmTC_86b51.dir/CheckIncludeFile.c.obj 
C:\PROGRA~2\MICROS~1\2019\COMMUN~1\VC\Tools\MSVC\1422~1.279\bin\HostX64\x64\cl.exe  /nologo   /DWIN32 /D_WINDOWS /W3  /MDd /ZI /Ob0 /Od /RTC1 /JMC /showIncludes /FoCMakeFiles\cmTC_86b51.dir\CheckIncludeFile.c.obj /FdCMakeFiles\cmTC_86b51.dir\ /FS -c CheckIncludeFile.c
E:\fftwBuild\fftw-3.3.8\fftw-3.3.8\out\build\x64-Debug\CMakeFiles\CMakeTmp\CheckIncludeFile.c(1): fatal error C1083: Cannot open include file: 'intrinsics.h': No such file or directory
ninja: build stopped: subcommand failed.


Determining if the include file libintl.h exists failed with the following output:
Change Dir: E:/fftwBuild/fftw-3.3.8/fftw-3.3.8/out/build/x64-Debug/CMakeFiles/CMakeTmp

Run Build Command(s):C:/Program Files (x86)/Microsoft Visual Studio/2019/Community/Common7/IDE/CommonExtensions/Microsoft/CMake/Ninja/ninja.exe cmTC_ebb40 
[1/2] Building C object CMakeFiles\cmTC_ebb40.dir\CheckIncludeFile.c.obj
FAILED: CMakeFiles/cmTC_ebb40.dir/CheckIncludeFile.c.obj 
C:\PROGRA~2\MICROS~1\2019\COMMUN~1\VC\Tools\MSVC\1422~1.279\bin\HostX64\x64\cl.exe  /nologo   /DWIN32 /D_WINDOWS /W3  /MDd /ZI /Ob0 /Od /RTC1 /JMC /showIncludes /FoCMakeFiles\cmTC_ebb40.dir\CheckIncludeFile.c.obj /FdCMakeFiles\cmTC_ebb40.dir\ /FS -c CheckIncludeFile.c
E:\fftwBuild\fftw-3.3.8\fftw-3.3.8\out\build\x64-Debug\CMakeFiles\CMakeTmp\CheckIncludeFile.c(1): fatal error C1083: Cannot open include file: 'libintl.h': No such file or directory
ninja: build stopped: subcommand failed.


Determining if the include file mach/mach_time.h exists failed with the following output:
Change Dir: E:/fftwBuild/fftw-3.3.8/fftw-3.3.8/out/build/x64-Debug/CMakeFiles/CMakeTmp

Run Build Command(s):C:/Program Files (x86)/Microsoft Visual Studio/2019/Community/Common7/IDE/CommonExtensions/Microsoft/CMake/Ninja/ninja.exe cmTC_751d5 
[1/2] Building C object CMakeFiles\cmTC_751d5.dir\CheckIncludeFile.c.obj
FAILED: CMakeFiles/cmTC_751d5.dir/CheckIncludeFile.c.obj 
C:\PROGRA~2\MICROS~1\2019\COMMUN~1\VC\Tools\MSVC\1422~1.279\bin\HostX64\x64\cl.exe  /nologo   /DWIN32 /D_WINDOWS /W3  /MDd /ZI /Ob0 /Od /RTC1 /JMC /showIncludes /FoCMakeFiles\cmTC_751d5.dir\CheckIncludeFile.c.obj /FdCMakeFiles\cmTC_751d5.dir\ /FS -c CheckIncludeFile.c
E:\fftwBuild\fftw-3.3.8\fftw-3.3.8\out\build\x64-Debug\CMakeFiles\CMakeTmp\CheckIncludeFile.c(1): fatal error C1083: Cannot open include file: 'mach/mach_time.h': No such file or directory
ninja: build stopped: subcommand failed.


Determining if the include file strings.h exists failed with the following output:
Change Dir: E:/fftwBuild/fftw-3.3.8/fftw-3.3.8/out/build/x64-Debug/CMakeFiles/CMakeTmp

Run Build Command(s):C:/Program Files (x86)/Microsoft Visual Studio/2019/Community/Common7/IDE/CommonExtensions/Microsoft/CMake/Ninja/ninja.exe cmTC_d745b 
[1/2] Building C object CMakeFiles\cmTC_d745b.dir\CheckIncludeFile.c.obj
FAILED: CMakeFiles/cmTC_d745b.dir/CheckIncludeFile.c.obj 
C:\PROGRA~2\MICROS~1\2019\COMMUN~1\VC\Tools\MSVC\1422~1.279\bin\HostX64\x64\cl.exe  /nologo   /DWIN32 /D_WINDOWS /W3  /MDd /ZI /Ob0 /Od /RTC1 /JMC /showIncludes /FoCMakeFiles\cmTC_d745b.dir\CheckIncludeFile.c.obj /FdCMakeFiles\cmTC_d745b.dir\ /FS -c CheckIncludeFile.c
E:\fftwBuild\fftw-3.3.8\fftw-3.3.8\out\build\x64-Debug\CMakeFiles\CMakeTmp\CheckIncludeFile.c(1): fatal error C1083: Cannot open include file: 'strings.h': No such file or directory
ninja: build stopped: subcommand failed.


Determining if the include file sys/time.h exists failed with the following output:
Change Dir: E:/fftwBuild/fftw-3.3.8/fftw-3.3.8/out/build/x64-Debug/CMakeFiles/CMakeTmp

Run Build Command(s):C:/Program Files (x86)/Microsoft Visual Studio/2019/Community/Common7/IDE/CommonExtensions/Microsoft/CMake/Ninja/ninja.exe cmTC_7e7f5 
[1/2] Building C object CMakeFiles\cmTC_7e7f5.dir\CheckIncludeFile.c.obj
FAILED: CMakeFiles/cmTC_7e7f5.dir/CheckIncludeFile.c.obj 
C:\PROGRA~2\MICROS~1\2019\COMMUN~1\VC\Tools\MSVC\1422~1.279\bin\HostX64\x64\cl.exe  /nologo   /DWIN32 /D_WINDOWS /W3  /MDd /ZI /Ob0 /Od /RTC1 /JMC /showIncludes /FoCMakeFiles\cmTC_7e7f5.dir\CheckIncludeFile.c.obj /FdCMakeFiles\cmTC_7e7f5.dir\ /FS -c CheckIncludeFile.c
E:\fftwBuild\fftw-3.3.8\fftw-3.3.8\out\build\x64-Debug\CMakeFiles\CMakeTmp\CheckIncludeFile.c(1): fatal error C1083: Cannot open include file: 'sys/time.h': No such file or directory
ninja: build stopped: subcommand failed.


Determining if the include file sys/sysctl.h exists failed with the following output:
Change Dir: E:/fftwBuild/fftw-3.3.8/fftw-3.3.8/out/build/x64-Debug/CMakeFiles/CMakeTmp

Run Build Command(s):C:/Program Files (x86)/Microsoft Visual Studio/2019/Community/Common7/IDE/CommonExtensions/Microsoft/CMake/Ninja/ninja.exe cmTC_84920 
[1/2] Building C object CMakeFiles\cmTC_84920.dir\CheckIncludeFile.c.obj
FAILED: CMakeFiles/cmTC_84920.dir/CheckIncludeFile.c.obj 
C:\PROGRA~2\MICROS~1\2019\COMMUN~1\VC\Tools\MSVC\1422~1.279\bin\HostX64\x64\cl.exe  /nologo   /DWIN32 /D_WINDOWS /W3  /MDd /ZI /Ob0 /Od /RTC1 /JMC /showIncludes /FoCMakeFiles\cmTC_84920.dir\CheckIncludeFile.c.obj /FdCMakeFiles\cmTC_84920.dir\ /FS -c CheckIncludeFile.c
E:\fftwBuild\fftw-3.3.8\fftw-3.3.8\out\build\x64-Debug\CMakeFiles\CMakeTmp\CheckIncludeFile.c(1): fatal error C1083: Cannot open include file: 'sys/sysctl.h': No such file or directory
ninja: build stopped: subcommand failed.


Determining if the include file uintptr.h exists failed with the following output:
Change Dir: E:/fftwBuild/fftw-3.3.8/fftw-3.3.8/out/build/x64-Debug/CMakeFiles/CMakeTmp

Run Build Command(s):C:/Program Files (x86)/Microsoft Visual Studio/2019/Community/Common7/IDE/CommonExtensions/Microsoft/CMake/Ninja/ninja.exe cmTC_65c9a 
[1/2] Building C object CMakeFiles\cmTC_65c9a.dir\CheckIncludeFile.c.obj
FAILED: CMakeFiles/cmTC_65c9a.dir/CheckIncludeFile.c.obj 
C:\PROGRA~2\MICROS~1\2019\COMMUN~1\VC\Tools\MSVC\1422~1.279\bin\HostX64\x64\cl.exe  /nologo   /DWIN32 /D_WINDOWS /W3  /MDd /ZI /Ob0 /Od /RTC1 /JMC /showIncludes /FoCMakeFiles\cmTC_65c9a.dir\CheckIncludeFile.c.obj /FdCMakeFiles\cmTC_65c9a.dir\ /FS -c CheckIncludeFile.c
E:\fftwBuild\fftw-3.3.8\fftw-3.3.8\out\build\x64-Debug\CMakeFiles\CMakeTmp\CheckIncludeFile.c(1): fatal error C1083: Cannot open include file: 'uintptr.h': No such file or directory
ninja: build stopped: subcommand failed.


Determining if the include file unistd.h exists failed with the following output:
Change Dir: E:/fftwBuild/fftw-3.3.8/fftw-3.3.8/out/build/x64-Debug/CMakeFiles/CMakeTmp

Run Build Command(s):C:/Program Files (x86)/Microsoft Visual Studio/2019/Community/Common7/IDE/CommonExtensions/Microsoft/CMake/Ninja/ninja.exe cmTC_75e9f 
[1/2] Building C object CMakeFiles\cmTC_75e9f.dir\CheckIncludeFile.c.obj
FAILED: CMakeFiles/cmTC_75e9f.dir/CheckIncludeFile.c.obj 
C:\PROGRA~2\MICROS~1\2019\COMMUN~1\VC\Tools\MSVC\1422~1.279\bin\HostX64\x64\cl.exe  /nologo   /DWIN32 /D_WINDOWS /W3  /MDd /ZI /Ob0 /Od /RTC1 /JMC /showIncludes /FoCMakeFiles\cmTC_75e9f.dir\CheckIncludeFile.c.obj /FdCMakeFiles\cmTC_75e9f.dir\ /FS -c CheckIncludeFile.c
E:\fftwBuild\fftw-3.3.8\fftw-3.3.8\out\build\x64-Debug\CMakeFiles\CMakeTmp\CheckIncludeFile.c(1): fatal error C1083: Cannot open include file: 'unistd.h': No such file or directory
ninja: build stopped: subcommand failed.


Determining if the prototype drand48 exists for HAVE_DECL_DRAND48 failed with the following output:
Change Dir: E:/fftwBuild/fftw-3.3.8/fftw-3.3.8/out/build/x64-Debug/CMakeFiles/CMakeTmp

Run Build Command(s):C:/Program Files (x86)/Microsoft Visual Studio/2019/Community/Common7/IDE/CommonExtensions/Microsoft/CMake/Ninja/ninja.exe cmTC_17037 
[1/2] Building C object CMakeFiles\cmTC_17037.dir\CheckPrototypeDefinition.c.obj
FAILED: CMakeFiles/cmTC_17037.dir/CheckPrototypeDefinition.c.obj 
C:\PROGRA~2\MICROS~1\2019\COMMUN~1\VC\Tools\MSVC\1422~1.279\bin\HostX64\x64\cl.exe  /nologo   /DWIN32 /D_WINDOWS /W3  /MDd /ZI /Ob0 /Od /RTC1 /JMC /showIncludes /FoCMakeFiles\cmTC_17037.dir\CheckPrototypeDefinition.c.obj /FdCMakeFiles\cmTC_17037.dir\ /FS -c CheckPrototypeDefinition.c
E:\fftwBuild\fftw-3.3.8\fftw-3.3.8\out\build\x64-Debug\CMakeFiles\CMakeTmp\CheckPrototypeDefinition.c(10): error C2065: 'drand48': undeclared identifier
ninja: build stopped: subcommand failed.


#include <stdlib.h>


static void cmakeRequireSymbol(int dummy, ...) {
  (void) dummy;
}

static void checkSymbol(void) {
#ifndef drand48
  cmakeRequireSymbol(0, &drand48);
#endif
}

double drand48 (void) {
  return 0;
}

#ifdef __CLASSIC_C__
int main() {
  int ac;
  char*av[];
#else
int main(int ac, char *av[]) {
#endif
  checkSymbol();
  if (ac > 1000) {
    return *av[0];
  }
  return 0;
}


Determining if the prototype srand48 exists for HAVE_DECL_SRAND48 failed with the following output:
Change Dir: E:/fftwBuild/fftw-3.3.8/fftw-3.3.8/out/build/x64-Debug/CMakeFiles/CMakeTmp

Run Build Command(s):C:/Program Files (x86)/Microsoft Visual Studio/2019/Community/Common7/IDE/CommonExtensions/Microsoft/CMake/Ninja/ninja.exe cmTC_3e8d3 
[1/2] Building C object CMakeFiles\cmTC_3e8d3.dir\CheckPrototypeDefinition.c.obj
FAILED: CMakeFiles/cmTC_3e8d3.dir/CheckPrototypeDefinition.c.obj 
C:\PROGRA~2\MICROS~1\2019\COMMUN~1\VC\Tools\MSVC\1422~1.279\bin\HostX64\x64\cl.exe  /nologo   /DWIN32 /D_WINDOWS /W3  /MDd /ZI /Ob0 /Od /RTC1 /JMC /showIncludes /FoCMakeFiles\cmTC_3e8d3.dir\CheckPrototypeDefinition.c.obj /FdCMakeFiles\cmTC_3e8d3.dir\ /FS -c CheckPrototypeDefinition.c
E:\fftwBuild\fftw-3.3.8\fftw-3.3.8\out\build\x64-Debug\CMakeFiles\CMakeTmp\CheckPrototypeDefinition.c(10): error C2065: 'srand48': undeclared identifier
E:\fftwBuild\fftw-3.3.8\fftw-3.3.8\out\build\x64-Debug\CMakeFiles\CMakeTmp\CheckPrototypeDefinition.c(15): warning C4098: 'srand48': 'void' function returning a value
ninja: build stopped: subcommand failed.


#include <stdlib.h>


static void cmakeRequireSymbol(int dummy, ...) {
  (void) dummy;
}

static void checkSymbol(void) {
#ifndef srand48
  cmakeRequireSymbol(0, &srand48);
#endif
}

void srand48(long int seedval) {
  return 0;
}

#ifdef __CLASSIC_C__
int main() {
  int ac;
  char*av[];
#else
int main(int ac, char *av[]) {
#endif
  checkSymbol();
  if (ac > 1000) {
    return *av[0];
  }
  return 0;
}


Determining if the prototype cosl exists for HAVE_DECL_COSL failed with the following output:
Change Dir: E:/fftwBuild/fftw-3.3.8/fftw-3.3.8/out/build/x64-Debug/CMakeFiles/CMakeTmp

Run Build Command(s):C:/Program Files (x86)/Microsoft Visual Studio/2019/Community/Common7/IDE/CommonExtensions/Microsoft/CMake/Ninja/ninja.exe cmTC_3a9a5 
[1/2] Building C object CMakeFiles\cmTC_3a9a5.dir\CheckPrototypeDefinition.c.obj
FAILED: CMakeFiles/cmTC_3a9a5.dir/CheckPrototypeDefinition.c.obj 
C:\PROGRA~2\MICROS~1\2019\COMMUN~1\VC\Tools\MSVC\1422~1.279\bin\HostX64\x64\cl.exe  /nologo   /DWIN32 /D_WINDOWS /W3  /MDd /ZI /Ob0 /Od /RTC1 /JMC /showIncludes /FoCMakeFiles\cmTC_3a9a5.dir\CheckPrototypeDefinition.c.obj /FdCMakeFiles\cmTC_3a9a5.dir\ /FS -c CheckPrototypeDefinition.c
E:\fftwBuild\fftw-3.3.8\fftw-3.3.8\out\build\x64-Debug\CMakeFiles\CMakeTmp\CheckPrototypeDefinition.c(14): error C2084: function 'long double cosl(long double)' already has a body
C:\Program Files (x86)\Windows Kits\10\include\10.0.18362.0\ucrt\corecrt_math.h(825): note: see previous definition of 'cosl'
ninja: build stopped: subcommand failed.


#include <math.h>


static void cmakeRequireSymbol(int dummy, ...) {
  (void) dummy;
}

static void checkSymbol(void) {
#ifndef cosl
  cmakeRequireSymbol(0, &cosl);
#endif
}

long double cosl( long double arg ) {
  return 0;
}

#ifdef __CLASSIC_C__
int main() {
  int ac;
  char*av[];
#else
int main(int ac, char *av[]) {
#endif
  checkSymbol();
  if (ac > 1000) {
    return *av[0];
  }
  return 0;
}


Determining if the prototype sinl exists for HAVE_DECL_SINL failed with the following output:
Change Dir: E:/fftwBuild/fftw-3.3.8/fftw-3.3.8/out/build/x64-Debug/CMakeFiles/CMakeTmp

Run Build Command(s):C:/Program Files (x86)/Microsoft Visual Studio/2019/Community/Common7/IDE/CommonExtensions/Microsoft/CMake/Ninja/ninja.exe cmTC_800fd 
[1/2] Building C object CMakeFiles\cmTC_800fd.dir\CheckPrototypeDefinition.c.obj
FAILED: CMakeFiles/cmTC_800fd.dir/CheckPrototypeDefinition.c.obj 
C:\PROGRA~2\MICROS~1\2019\COMMUN~1\VC\Tools\MSVC\1422~1.279\bin\HostX64\x64\cl.exe  /nologo   /DWIN32 /D_WINDOWS /W3  /MDd /ZI /Ob0 /Od /RTC1 /JMC /showIncludes /FoCMakeFiles\cmTC_800fd.dir\CheckPrototypeDefinition.c.obj /FdCMakeFiles\cmTC_800fd.dir\ /FS -c CheckPrototypeDefinition.c
E:\fftwBuild\fftw-3.3.8\fftw-3.3.8\out\build\x64-Debug\CMakeFiles\CMakeTmp\CheckPrototypeDefinition.c(14): error C2084: function 'long double sinl(long double)' already has a body
C:\Program Files (x86)\Windows Kits\10\include\10.0.18362.0\ucrt\corecrt_math.h(934): note: see previous definition of 'sinl'
ninja: build stopped: subcommand failed.


#include <math.h>


static void cmakeRequireSymbol(int dummy, ...) {
  (void) dummy;
}

static void checkSymbol(void) {
#ifndef sinl
  cmakeRequireSymbol(0, &sinl);
#endif
}

long double sinl( long double arg ) {
  return 0;
}

#ifdef __CLASSIC_C__
int main() {
  int ac;
  char*av[];
#else
int main(int ac, char *av[]) {
#endif
  checkSymbol();
  if (ac > 1000) {
    return *av[0];
  }
  return 0;
}


Determining if the prototype memalign exists for HAVE_DECL_MEMALIGN failed with the following output:
Change Dir: E:/fftwBuild/fftw-3.3.8/fftw-3.3.8/out/build/x64-Debug/CMakeFiles/CMakeTmp

Run Build Command(s):C:/Program Files (x86)/Microsoft Visual Studio/2019/Community/Common7/IDE/CommonExtensions/Microsoft/CMake/Ninja/ninja.exe cmTC_b2614 
[1/2] Building C object CMakeFiles\cmTC_b2614.dir\CheckPrototypeDefinition.c.obj
FAILED: CMakeFiles/cmTC_b2614.dir/CheckPrototypeDefinition.c.obj 
C:\PROGRA~2\MICROS~1\2019\COMMUN~1\VC\Tools\MSVC\1422~1.279\bin\HostX64\x64\cl.exe  /nologo   /DWIN32 /D_WINDOWS /W3  /MDd /ZI /Ob0 /Od /RTC1 /JMC /showIncludes /FoCMakeFiles\cmTC_b2614.dir\CheckPrototypeDefinition.c.obj /FdCMakeFiles\cmTC_b2614.dir\ /FS -c CheckPrototypeDefinition.c
E:\fftwBuild\fftw-3.3.8\fftw-3.3.8\out\build\x64-Debug\CMakeFiles\CMakeTmp\CheckPrototypeDefinition.c(10): error C2065: 'memalign': undeclared identifier
ninja: build stopped: subcommand failed.


#include <malloc.h>


static void cmakeRequireSymbol(int dummy, ...) {
  (void) dummy;
}

static void checkSymbol(void) {
#ifndef memalign
  cmakeRequireSymbol(0, &memalign);
#endif
}

void *memalign(size_t alignment, size_t size) {
  return 0;
}

#ifdef __CLASSIC_C__
int main() {
  int ac;
  char*av[];
#else
int main(int ac, char *av[]) {
#endif
  checkSymbol();
  if (ac > 1000) {
    return *av[0];
  }
  return 0;
}


Determining if the prototype posix_memalign exists for HAVE_DECL_POSIX_MEMALIGN failed with the following output:
Change Dir: E:/fftwBuild/fftw-3.3.8/fftw-3.3.8/out/build/x64-Debug/CMakeFiles/CMakeTmp

Run Build Command(s):C:/Program Files (x86)/Microsoft Visual Studio/2019/Community/Common7/IDE/CommonExtensions/Microsoft/CMake/Ninja/ninja.exe cmTC_6b334 
[1/2] Building C object CMakeFiles\cmTC_6b334.dir\CheckPrototypeDefinition.c.obj
FAILED: CMakeFiles/cmTC_6b334.dir/CheckPrototypeDefinition.c.obj 
C:\PROGRA~2\MICROS~1\2019\COMMUN~1\VC\Tools\MSVC\1422~1.279\bin\HostX64\x64\cl.exe  /nologo   /DWIN32 /D_WINDOWS /W3  /MDd /ZI /Ob0 /Od /RTC1 /JMC /showIncludes /FoCMakeFiles\cmTC_6b334.dir\CheckPrototypeDefinition.c.obj /FdCMakeFiles\cmTC_6b334.dir\ /FS -c CheckPrototypeDefinition.c
E:\fftwBuild\fftw-3.3.8\fftw-3.3.8\out\build\x64-Debug\CMakeFiles\CMakeTmp\CheckPrototypeDefinition.c(10): error C2065: 'posix_memalign': undeclared identifier
ninja: build stopped: subcommand failed.


#include <stdlib.h>


static void cmakeRequireSymbol(int dummy, ...) {
  (void) dummy;
}

static void checkSymbol(void) {
#ifndef posix_memalign
  cmakeRequireSymbol(0, &posix_memalign);
#endif
}

int posix_memalign(void **memptr, size_t alignment, size_t size) {
  return 0;
}

#ifdef __CLASSIC_C__
int main() {
  int ac;
  char*av[];
#else
int main(int ac, char *av[]) {
#endif
  checkSymbol();
  if (ac > 1000) {
    return *av[0];
  }
  return 0;
}


Determining if the clock_gettime exist failed with the following output:
Change Dir: E:/fftwBuild/fftw-3.3.8/fftw-3.3.8/out/build/x64-Debug/CMakeFiles/CMakeTmp

Run Build Command(s):C:/Program Files (x86)/Microsoft Visual Studio/2019/Community/Common7/IDE/CommonExtensions/Microsoft/CMake/Ninja/ninja.exe cmTC_a9b1c 
[1/2] Building C object CMakeFiles\cmTC_a9b1c.dir\CheckSymbolExists.c.obj
FAILED: CMakeFiles/cmTC_a9b1c.dir/CheckSymbolExists.c.obj 
C:\PROGRA~2\MICROS~1\2019\COMMUN~1\VC\Tools\MSVC\1422~1.279\bin\HostX64\x64\cl.exe  /nologo   /DWIN32 /D_WINDOWS /W3  /MDd /ZI /Ob0 /Od /RTC1 /JMC /showIncludes /FoCMakeFiles\cmTC_a9b1c.dir\CheckSymbolExists.c.obj /FdCMakeFiles\cmTC_a9b1c.dir\ /FS -c CheckSymbolExists.c
E:\fftwBuild\fftw-3.3.8\fftw-3.3.8\out\build\x64-Debug\CMakeFiles\CMakeTmp\CheckSymbolExists.c(8): error C2065: 'clock_gettime': undeclared identifier
ninja: build stopped: subcommand failed.

File E:/fftwBuild/fftw-3.3.8/fftw-3.3.8/out/build/x64-Debug/CMakeFiles/CMakeTmp/CheckSymbolExists.c:
/* */
#include <time.h>

int main(int argc, char** argv)
{
  (void)argv;
#ifndef clock_gettime
  return ((int*)(&clock_gettime))[argc];
#else
  (void)argc;
  return 0;
#endif
}

Determining if the gettimeofday exist failed with the following output:
Change Dir: E:/fftwBuild/fftw-3.3.8/fftw-3.3.8/out/build/x64-Debug/CMakeFiles/CMakeTmp

Run Build Command(s):C:/Program Files (x86)/Microsoft Visual Studio/2019/Community/Common7/IDE/CommonExtensions/Microsoft/CMake/Ninja/ninja.exe cmTC_2f96c 
[1/2] Building C object CMakeFiles\cmTC_2f96c.dir\CheckSymbolExists.c.obj
FAILED: CMakeFiles/cmTC_2f96c.dir/CheckSymbolExists.c.obj 
C:\PROGRA~2\MICROS~1\2019\COMMUN~1\VC\Tools\MSVC\1422~1.279\bin\HostX64\x64\cl.exe  /nologo   /DWIN32 /D_WINDOWS /W3  /MDd /ZI /Ob0 /Od /RTC1 /JMC /showIncludes /FoCMakeFiles\cmTC_2f96c.dir\CheckSymbolExists.c.obj /FdCMakeFiles\cmTC_2f96c.dir\ /FS -c CheckSymbolExists.c
E:\fftwBuild\fftw-3.3.8\fftw-3.3.8\out\build\x64-Debug\CMakeFiles\CMakeTmp\CheckSymbolExists.c(2): fatal error C1083: Cannot open include file: 'sys/time.h': No such file or directory
ninja: build stopped: subcommand failed.

File E:/fftwBuild/fftw-3.3.8/fftw-3.3.8/out/build/x64-Debug/CMakeFiles/CMakeTmp/CheckSymbolExists.c:
/* */
#include <sys/time.h>

int main(int argc, char** argv)
{
  (void)argv;
#ifndef gettimeofday
  return ((int*)(&gettimeofday))[argc];
#else
  (void)argc;
  return 0;
#endif
}

Determining if the getpagesize exist failed with the following output:
Change Dir: E:/fftwBuild/fftw-3.3.8/fftw-3.3.8/out/build/x64-Debug/CMakeFiles/CMakeTmp

Run Build Command(s):C:/Program Files (x86)/Microsoft Visual Studio/2019/Community/Common7/IDE/CommonExtensions/Microsoft/CMake/Ninja/ninja.exe cmTC_44635 
[1/2] Building C object CMakeFiles\cmTC_44635.dir\CheckSymbolExists.c.obj
FAILED: CMakeFiles/cmTC_44635.dir/CheckSymbolExists.c.obj 
C:\PROGRA~2\MICROS~1\2019\COMMUN~1\VC\Tools\MSVC\1422~1.279\bin\HostX64\x64\cl.exe  /nologo   /DWIN32 /D_WINDOWS /W3  /MDd /ZI /Ob0 /Od /RTC1 /JMC /showIncludes /FoCMakeFiles\cmTC_44635.dir\CheckSymbolExists.c.obj /FdCMakeFiles\cmTC_44635.dir\ /FS -c CheckSymbolExists.c
E:\fftwBuild\fftw-3.3.8\fftw-3.3.8\out\build\x64-Debug\CMakeFiles\CMakeTmp\CheckSymbolExists.c(2): fatal error C1083: Cannot open include file: 'unistd.h': No such file or directory
ninja: build stopped: subcommand failed.

File E:/fftwBuild/fftw-3.3.8/fftw-3.3.8/out/build/x64-Debug/CMakeFiles/CMakeTmp/CheckSymbolExists.c:
/* */
#include <unistd.h>

int main(int argc, char** argv)
{
  (void)argv;
#ifndef getpagesize
  return ((int*)(&getpagesize))[argc];
#else
  (void)argc;
  return 0;
#endif
}

Determining if the drand48 exist failed with the following output:
Change Dir: E:/fftwBuild/fftw-3.3.8/fftw-3.3.8/out/build/x64-Debug/CMakeFiles/CMakeTmp

Run Build Command(s):C:/Program Files (x86)/Microsoft Visual Studio/2019/Community/Common7/IDE/CommonExtensions/Microsoft/CMake/Ninja/ninja.exe cmTC_aa7c1 
[1/2] Building C object CMakeFiles\cmTC_aa7c1.dir\CheckSymbolExists.c.obj
FAILED: CMakeFiles/cmTC_aa7c1.dir/CheckSymbolExists.c.obj 
C:\PROGRA~2\MICROS~1\2019\COMMUN~1\VC\Tools\MSVC\1422~1.279\bin\HostX64\x64\cl.exe  /nologo   /DWIN32 /D_WINDOWS /W3  /MDd /ZI /Ob0 /Od /RTC1 /JMC /showIncludes /FoCMakeFiles\cmTC_aa7c1.dir\CheckSymbolExists.c.obj /FdCMakeFiles\cmTC_aa7c1.dir\ /FS -c CheckSymbolExists.c
E:\fftwBuild\fftw-3.3.8\fftw-3.3.8\out\build\x64-Debug\CMakeFiles\CMakeTmp\CheckSymbolExists.c(8): error C2065: 'drand48': undeclared identifier
ninja: build stopped: subcommand failed.

File E:/fftwBuild/fftw-3.3.8/fftw-3.3.8/out/build/x64-Debug/CMakeFiles/CMakeTmp/CheckSymbolExists.c:
/* */
#include <stdlib.h>

int main(int argc, char** argv)
{
  (void)argv;
#ifndef drand48
  return ((int*)(&drand48))[argc];
#else
  (void)argc;
  return 0;
#endif
}

Determining if the srand48 exist failed with the following output:
Change Dir: E:/fftwBuild/fftw-3.3.8/fftw-3.3.8/out/build/x64-Debug/CMakeFiles/CMakeTmp

Run Build Command(s):C:/Program Files (x86)/Microsoft Visual Studio/2019/Community/Common7/IDE/CommonExtensions/Microsoft/CMake/Ninja/ninja.exe cmTC_aba81 
[1/2] Building C object CMakeFiles\cmTC_aba81.dir\CheckSymbolExists.c.obj
FAILED: CMakeFiles/cmTC_aba81.dir/CheckSymbolExists.c.obj 
C:\PROGRA~2\MICROS~1\2019\COMMUN~1\VC\Tools\MSVC\1422~1.279\bin\HostX64\x64\cl.exe  /nologo   /DWIN32 /D_WINDOWS /W3  /MDd /ZI /Ob0 /Od /RTC1 /JMC /showIncludes /FoCMakeFiles\cmTC_aba81.dir\CheckSymbolExists.c.obj /FdCMakeFiles\cmTC_aba81.dir\ /FS -c CheckSymbolExists.c
E:\fftwBuild\fftw-3.3.8\fftw-3.3.8\out\build\x64-Debug\CMakeFiles\CMakeTmp\CheckSymbolExists.c(8): error C2065: 'srand48': undeclared identifier
ninja: build stopped: subcommand failed.

File E:/fftwBuild/fftw-3.3.8/fftw-3.3.8/out/build/x64-Debug/CMakeFiles/CMakeTmp/CheckSymbolExists.c:
/* */
#include <stdlib.h>

int main(int argc, char** argv)
{
  (void)argv;
#ifndef srand48
  return ((int*)(&srand48))[argc];
#else
  (void)argc;
  return 0;
#endif
}

Determining if the memalign exist failed with the following output:
Change Dir: E:/fftwBuild/fftw-3.3.8/fftw-3.3.8/out/build/x64-Debug/CMakeFiles/CMakeTmp

Run Build Command(s):C:/Program Files (x86)/Microsoft Visual Studio/2019/Community/Common7/IDE/CommonExtensions/Microsoft/CMake/Ninja/ninja.exe cmTC_c2008 
[1/2] Building C object CMakeFiles\cmTC_c2008.dir\CheckSymbolExists.c.obj
FAILED: CMakeFiles/cmTC_c2008.dir/CheckSymbolExists.c.obj 
C:\PROGRA~2\MICROS~1\2019\COMMUN~1\VC\Tools\MSVC\1422~1.279\bin\HostX64\x64\cl.exe  /nologo   /DWIN32 /D_WINDOWS /W3  /MDd /ZI /Ob0 /Od /RTC1 /JMC /showIncludes /FoCMakeFiles\cmTC_c2008.dir\CheckSymbolExists.c.obj /FdCMakeFiles\cmTC_c2008.dir\ /FS -c CheckSymbolExists.c
E:\fftwBuild\fftw-3.3.8\fftw-3.3.8\out\build\x64-Debug\CMakeFiles\CMakeTmp\CheckSymbolExists.c(8): error C2065: 'memalign': undeclared identifier
ninja: build stopped: subcommand failed.

File E:/fftwBuild/fftw-3.3.8/fftw-3.3.8/out/build/x64-Debug/CMakeFiles/CMakeTmp/CheckSymbolExists.c:
/* */
#include <malloc.h>

int main(int argc, char** argv)
{
  (void)argv;
#ifndef memalign
  return ((int*)(&memalign))[argc];
#else
  (void)argc;
  return 0;
#endif
}

Determining if the posix_memalign exist failed with the following output:
Change Dir: E:/fftwBuild/fftw-3.3.8/fftw-3.3.8/out/build/x64-Debug/CMakeFiles/CMakeTmp

Run Build Command(s):C:/Program Files (x86)/Microsoft Visual Studio/2019/Community/Common7/IDE/CommonExtensions/Microsoft/CMake/Ninja/ninja.exe cmTC_e87d0 
[1/2] Building C object CMakeFiles\cmTC_e87d0.dir\CheckSymbolExists.c.obj
FAILED: CMakeFiles/cmTC_e87d0.dir/CheckSymbolExists.c.obj 
C:\PROGRA~2\MICROS~1\2019\COMMUN~1\VC\Tools\MSVC\1422~1.279\bin\HostX64\x64\cl.exe  /nologo   /DWIN32 /D_WINDOWS /W3  /MDd /ZI /Ob0 /Od /RTC1 /JMC /showIncludes /FoCMakeFiles\cmTC_e87d0.dir\CheckSymbolExists.c.obj /FdCMakeFiles\cmTC_e87d0.dir\ /FS -c CheckSymbolExists.c
E:\fftwBuild\fftw-3.3.8\fftw-3.3.8\out\build\x64-Debug\CMakeFiles\CMakeTmp\CheckSymbolExists.c(8): error C2065: 'posix_memalign': undeclared identifier
ninja: build stopped: subcommand failed.

File E:/fftwBuild/fftw-3.3.8/fftw-3.3.8/out/build/x64-Debug/CMakeFiles/CMakeTmp/CheckSymbolExists.c:
/* */
#include <stdlib.h>

int main(int argc, char** argv)
{
  (void)argv;
#ifndef posix_memalign
  return ((int*)(&posix_memalign))[argc];
#else
  (void)argc;
  return 0;
#endif
}

Determining if the mach_absolute_time exist failed with the following output:
Change Dir: E:/fftwBuild/fftw-3.3.8/fftw-3.3.8/out/build/x64-Debug/CMakeFiles/CMakeTmp

Run Build Command(s):C:/Program Files (x86)/Microsoft Visual Studio/2019/Community/Common7/IDE/CommonExtensions/Microsoft/CMake/Ninja/ninja.exe cmTC_0fabf 
[1/2] Building C object CMakeFiles\cmTC_0fabf.dir\CheckSymbolExists.c.obj
FAILED: CMakeFiles/cmTC_0fabf.dir/CheckSymbolExists.c.obj 
C:\PROGRA~2\MICROS~1\2019\COMMUN~1\VC\Tools\MSVC\1422~1.279\bin\HostX64\x64\cl.exe  /nologo   /DWIN32 /D_WINDOWS /W3  /MDd /ZI /Ob0 /Od /RTC1 /JMC /showIncludes /FoCMakeFiles\cmTC_0fabf.dir\CheckSymbolExists.c.obj /FdCMakeFiles\cmTC_0fabf.dir\ /FS -c CheckSymbolExists.c
E:\fftwBuild\fftw-3.3.8\fftw-3.3.8\out\build\x64-Debug\CMakeFiles\CMakeTmp\CheckSymbolExists.c(2): fatal error C1083: Cannot open include file: 'mach/mach_time.h': No such file or directory
ninja: build stopped: subcommand failed.

File E:/fftwBuild/fftw-3.3.8/fftw-3.3.8/out/build/x64-Debug/CMakeFiles/CMakeTmp/CheckSymbolExists.c:
/* */
#include <mach/mach_time.h>

int main(int argc, char** argv)
{
  (void)argv;
#ifndef mach_absolute_time
  return ((int*)(&mach_absolute_time))[argc];
#else
  (void)argc;
  return 0;
#endif
}

Determining if the alloca exist failed with the following output:
Change Dir: E:/fftwBuild/fftw-3.3.8/fftw-3.3.8/out/build/x64-Debug/CMakeFiles/CMakeTmp

Run Build Command(s):C:/Program Files (x86)/Microsoft Visual Studio/2019/Community/Common7/IDE/CommonExtensions/Microsoft/CMake/Ninja/ninja.exe cmTC_5d124 
[1/2] Building C object CMakeFiles\cmTC_5d124.dir\CheckSymbolExists.c.obj
FAILED: CMakeFiles/cmTC_5d124.dir/CheckSymbolExists.c.obj 
C:\PROGRA~2\MICROS~1\2019\COMMUN~1\VC\Tools\MSVC\1422~1.279\bin\HostX64\x64\cl.exe  /nologo   /DWIN32 /D_WINDOWS /W3  /MDd /ZI /Ob0 /Od /RTC1 /JMC /showIncludes /FoCMakeFiles\cmTC_5d124.dir\CheckSymbolExists.c.obj /FdCMakeFiles\cmTC_5d124.dir\ /FS -c CheckSymbolExists.c
E:\fftwBuild\fftw-3.3.8\fftw-3.3.8\out\build\x64-Debug\CMakeFiles\CMakeTmp\CheckSymbolExists.c(2): fatal error C1083: Cannot open include file: 'alloca.h': No such file or directory
ninja: build stopped: subcommand failed.

File E:/fftwBuild/fftw-3.3.8/fftw-3.3.8/out/build/x64-Debug/CMakeFiles/CMakeTmp/CheckSymbolExists.c:
/* */
#include <alloca.h>

int main(int argc, char** argv)
{
  (void)argv;
#ifndef alloca
  return ((int*)(&alloca))[argc];
#else
  (void)argc;
  return 0;
#endif
}

Determining if the sysctl exist failed with the following output:
Change Dir: E:/fftwBuild/fftw-3.3.8/fftw-3.3.8/out/build/x64-Debug/CMakeFiles/CMakeTmp

Run Build Command(s):C:/Program Files (x86)/Microsoft Visual Studio/2019/Community/Common7/IDE/CommonExtensions/Microsoft/CMake/Ninja/ninja.exe cmTC_6e27d 
[1/2] Building C object CMakeFiles\cmTC_6e27d.dir\CheckSymbolExists.c.obj
FAILED: CMakeFiles/cmTC_6e27d.dir/CheckSymbolExists.c.obj 
C:\PROGRA~2\MICROS~1\2019\COMMUN~1\VC\Tools\MSVC\1422~1.279\bin\HostX64\x64\cl.exe  /nologo   /DWIN32 /D_WINDOWS /W3  /MDd /ZI /Ob0 /Od /RTC1 /JMC /showIncludes /FoCMakeFiles\cmTC_6e27d.dir\CheckSymbolExists.c.obj /FdCMakeFiles\cmTC_6e27d.dir\ /FS -c CheckSymbolExists.c
E:\fftwBuild\fftw-3.3.8\fftw-3.3.8\out\build\x64-Debug\CMakeFiles\CMakeTmp\CheckSymbolExists.c(2): fatal error C1083: Cannot open include file: 'unistd.h': No such file or directory
ninja: build stopped: subcommand failed.

File E:/fftwBuild/fftw-3.3.8/fftw-3.3.8/out/build/x64-Debug/CMakeFiles/CMakeTmp/CheckSymbolExists.c:
/* */
#include <unistd.h>

int main(int argc, char** argv)
{
  (void)argv;
#ifndef sysctl
  return ((int*)(&sysctl))[argc];
#else
  (void)argc;
  return 0;
#endif
}

